The system is: Windows - 6.1.7601 - AMD64
Compiling the C compiler identification source file "CMakeCCompilerId.c" succeeded.
Compiler: C:/Program Files (x86)/Microsoft Visual Studio/2017/BuildTools/VC/Tools/MSVC/14.16.27023/bin/Hostx86/x86/cl.exe 
Build flags: 
Id flags:  

The output was:
0
Compilateur d'optimisation Microsoft (R) C/C++ version 19.16.27044 pour x86
Copyright (C) Microsoft Corporation. Tous droits réservés.

CMakeCCompilerId.c
Microsoft (R) Incremental Linker Version 14.16.27044.0
Copyright (C) Microsoft Corporation.  All rights reserved.

/out:CMakeCCompilerId.exe 
CMakeCCompilerId.obj 


Compilation of the C compiler identification source "CMakeCCompilerId.c" produced "CMakeCCompilerId.exe"

Compilation of the C compiler identification source "CMakeCCompilerId.c" produced "CMakeCCompilerId.obj"

The C compiler identification is MSVC, found in "C:/test/build/CMakeFiles/3.18.0-rc1/CompilerIdC/CMakeCCompilerId.exe"

Compiling the CXX compiler identification source file "CMakeCXXCompilerId.cpp" succeeded.
Compiler: C:/Program Files (x86)/Microsoft Visual Studio/2017/BuildTools/VC/Tools/MSVC/14.16.27023/bin/Hostx86/x86/cl.exe 
Build flags: 
Id flags:  

The output was:
0
Compilateur d'optimisation Microsoft (R) C/C++ version 19.16.27044 pour x86
Copyright (C) Microsoft Corporation. Tous droits réservés.

CMakeCXXCompilerId.cpp
Microsoft (R) Incremental Linker Version 14.16.27044.0
Copyright (C) Microsoft Corporation.  All rights reserved.

/out:CMakeCXXCompilerId.exe 
CMakeCXXCompilerId.obj 


Compilation of the CXX compiler identification source "CMakeCXXCompilerId.cpp" produced "CMakeCXXCompilerId.exe"

Compilation of the CXX compiler identification source "CMakeCXXCompilerId.cpp" produced "CMakeCXXCompilerId.obj"

The CXX compiler identification is MSVC, found in "C:/test/build/CMakeFiles/3.18.0-rc1/CompilerIdCXX/CMakeCXXCompilerId.exe"

Detecting C compiler ABI info compiled with the following output:
Change Dir: C:/test/build/CMakeFiles/CMakeTmp

Run Build Command(s):jom /nologo cmTC_8a386\fast && jom: parallel job execution disabled for Makefile
	c:\views\jom\jom.exe  -f CMakeFiles\cmTC_8a386.dir\build.make /nologo -L CMakeFiles\cmTC_8a386.dir\build
Building C object CMakeFiles/cmTC_8a386.dir/CMakeCCompilerABI.c.obj
	C:\PROGRA~2\MICROS~1\2017\BUILDT~1\VC\Tools\MSVC\1416~1.270\bin\Hostx86\x86\cl.exe @C:\Users\deds\AppData\Local\Temp\CMakeCCompilerABI.c.obj.3844.0.jom
CMakeCCompilerABI.c
Linking C executable cmTC_8a386.exe
	"C:\Program Files\CMake\bin\cmake.exe" -E vs_link_exe --intdir=CMakeFiles\cmTC_8a386.dir --rc=C:\PROGRA~2\WI3CF2~1\8.1\bin\x86\rc.exe --mt=C:\PROGRA~2\WI3CF2~1\8.1\bin\x86\mt.exe --manifests -- C:\PROGRA~2\MICROS~1\2017\BUILDT~1\VC\Tools\MSVC\1416~1.270\bin\Hostx86\x86\link.exe /nologo @CMakeFiles\cmTC_8a386.dir\objects1.rsp @C:\Users\deds\AppData\Local\Temp\cmTC_8a386.exe.3844.328.jom



Detecting CXX compiler ABI info compiled with the following output:
Change Dir: C:/test/build/CMakeFiles/CMakeTmp

Run Build Command(s):jom /nologo cmTC_bd29a\fast && jom: parallel job execution disabled for Makefile
	c:\views\jom\jom.exe  -f CMakeFiles\cmTC_bd29a.dir\build.make /nologo -L CMakeFiles\cmTC_bd29a.dir\build
Building CXX object CMakeFiles/cmTC_bd29a.dir/CMakeCXXCompilerABI.cpp.obj
	C:\PROGRA~2\MICROS~1\2017\BUILDT~1\VC\Tools\MSVC\1416~1.270\bin\Hostx86\x86\cl.exe @C:\Users\deds\AppData\Local\Temp\CMakeCXXCompilerABI.cpp.obj.1432.0.jom
CMakeCXXCompilerABI.cpp
Linking CXX executable cmTC_bd29a.exe
	"C:\Program Files\CMake\bin\cmake.exe" -E vs_link_exe --intdir=CMakeFiles\cmTC_bd29a.dir --rc=C:\PROGRA~2\WI3CF2~1\8.1\bin\x86\rc.exe --mt=C:\PROGRA~2\WI3CF2~1\8.1\bin\x86\mt.exe --manifests -- C:\PROGRA~2\MICROS~1\2017\BUILDT~1\VC\Tools\MSVC\1416~1.270\bin\Hostx86\x86\link.exe /nologo @CMakeFiles\cmTC_bd29a.dir\objects1.rsp @C:\Users\deds\AppData\Local\Temp\cmTC_bd29a.exe.1432.78.jom



